allocating console
 - done
 - console setup done
creating process stdin/stdout pipes
 - done
creating process
 - done
allocating stdout fifo
 - done
creating stdout readout thread
 - done
waiting for stdout readout thread initialization
 - done
buffered stdout peek: 0B read, 0B remaining
buffered stdout peek: 0B read, 0B remaining
buffered stdout peek: 0B read, 0B remaining
buffered stdout peek: 0B read, 0B remaining
buffered stdout peek: 0B read, 0B remaining
buffered stdout peek: 0B read, 0B remaining
buffered stdout peek: 0B read, 0B remaining
buffered stdout peek: 0B read, 0B remaining
buffered stdout peek: 0B read, 0B remaining
buffered stdout peek: 0B read, 0B remaining
buffered stdout peek: 0B read, 0B remaining
buffered stdout peek: 0B read, 0B remaining
buffered stdout peek: 0B read, 0B remaining
buffered stdout peek: 0B read, 0B remaining
buffered stdout peek: 0B read, 0B remaining
buffered stdout peek: 0B read, 0B remaining
buffered stdout peek: 0B read, 0B remaining
buffered stdout peek: 0B read, 0B remaining
buffered stdout peek: 0B read, 0B remaining
buffered stdout peek: 0B read, 0B remaining
buffered stdout peek: 0B read, 0B remaining
buffered stdout peek: 0B read, 0B remaining
buffered stdout peek: 0B read, 0B remaining
buffered stdout peek: 0B read, 0B remaining
buffered stdout peek: 0B read, 0B remaining
buffered stdout peek: 0B read, 0B remaining
buffered stdout peek: 0B read, 0B remaining
buffered stdout peek: 0B read, 0B remaining
buffered stdout peek: 0B read, 0B remaining
buffered stdout peek: 0B read, 0B remaining
buffered stdout peek: 0B read, 0B remaining
buffered stdout peek: 0B read, 0B remaining
buffered stdout peek: 0B read, 0B remaining
buffered stdout peek: 0B read, 0B remaining
buffered stdout peek: 0B read, 0B remaining
buffered stdout peek: 0B read, 0B remaining
buffered stdout peek: 0B read, 0B remaining
buffered stdout peek: 0B read, 0B remaining
buffered stdout peek: 0B read, 0B remaining
buffered stdout peek: 0B read, 0B remaining
buffered stdout peek: 0B read, 0B remaining
buffered stdout peek: 0B read, 0B remaining
buffered stdout peek: 0B read, 0B remaining
buffered stdout peek: 0B read, 0B remaining
buffered stdout peek: 0B read, 0B remaining
buffered stdout peek: 0B read, 0B remaining
buffered stdout peek: 0B read, 0B remaining
buffered stdout peek: 0B read, 0B remaining
buffered stdout peek: 0B read, 0B remaining
buffered stdout peek: 0B read, 0B remaining
buffered stdout peek: 0B read, 0B remaining
buffered stdout peek: 0B read, 0B remaining
buffered stdout peek: 0B read, 0B remaining
buffered stdout peek: 0B read, 0B remaining
buffered stdout peek: 0B read, 0B remaining
buffered stdout peek: 0B read, 0B remaining
buffered stdout peek: 0B read, 0B remaining
buffered stdout peek: 0B read, 0B remaining
buffered stdout peek: 0B read, 0B remaining
buffered stdout peek: 0B read, 0B remaining
buffered stdout peek: 0B read, 0B remaining
buffered stdout peek: 0B read, 0B remaining
buffered stdout peek: 0B read, 0B remaining
buffered stdout peek: 0B read, 0B remaining
buffered stdout peek: 0B read, 0B remaining
buffered stdout peek: 0B read, 0B remaining
buffered stdout peek: 0B read, 0B remaining
buffered stdout peek: 0B read, 0B remaining
buffered stdout peek: 0B read, 0B remaining
buffered stdout peek: 0B read, 0B remaining
buffered stdout peek: 0B read, 0B remaining
buffered stdout peek: 0B read, 0B remaining
buffered stdout peek: 0B read, 0B remaining
buffered stdout peek: 0B read, 0B remaining
buffered stdout peek: 0B read, 0B remaining
buffered stdout peek: 0B read, 0B remaining
buffered stdout peek: 0B read, 0B remaining
buffered stdout peek: 0B read, 0B remaining
buffered stdout peek: 0B read, 0B remaining
buffered stdout peek: 0B read, 0B remaining
buffered stdout peek: 0B read, 0B remaining
buffered stdout peek: 0B read, 0B remaining
buffered stdout peek: 0B read, 0B remaining
buffered stdout peek: 0B read, 0B remaining
buffered stdout peek: 0B read, 0B remaining
buffered stdout peek: 0B read, 0B remaining
buffered stdout peek: 0B read, 0B remaining
buffered stdout peek: 0B read, 0B remaining
buffered stdout peek: 0B read, 0B remaining
buffered stdout peek: 0B read, 0B remaining
buffered stdout peek: 0B read, 0B remaining
buffered stdout peek: 0B read, 0B remaining
buffered stdout peek: 0B read, 0B remaining
buffered stdout peek: 0B read, 0B remaining
buffered stdout peek: 0B read, 0B remaining
buffered stdout peek: 0B read, 0B remaining
buffered stdout peek: 0B read, 0B remaining
buffered stdout peek: 0B read, 0B remaining
buffered stdout peek: 0B read, 0B remaining
buffered stdout peek: 0B read, 0B remaining
buffered stdout peek: 0B read, 0B remaining
buffered stdout peek: 0B read, 0B remaining
buffered stdout peek: 0B read, 0B remaining
buffered stdout peek: 0B read, 0B remaining
buffered stdout peek: 0B read, 0B remaining
buffered stdout peek: 0B read, 0B remaining
buffered stdout peek: 0B read, 0B remaining
buffered stdout peek: 0B read, 0B remaining
buffered stdout peek: 0B read, 0B remaining
buffered stdout peek: 0B read, 0B remaining
buffered stdout peek: 0B read, 0B remaining
buffered stdout peek: 0B read, 0B remaining
buffered stdout peek: 0B read, 0B remaining
buffered stdout peek: 0B read, 0B remaining
buffered stdout peek: 0B read, 0B remaining
buffered stdout peek: 0B read, 0B remaining
buffered stdout peek: 0B read, 0B remaining
buffered stdout peek: 0B read, 0B remaining
buffered stdout peek: 0B read, 0B remaining
buffered stdout peek: 0B read, 0B remaining
buffered stdout peek: 0B read, 0B remaining
buffered stdout peek: 0B read, 0B remaining
buffered stdout peek: 0B read, 0B remaining
buffered stdout peek: 0B read, 0B remaining
buffered stdout peek: 0B read, 0B remaining
buffered stdout peek: 0B read, 0B remaining
buffered stdout peek: 0B read, 0B remaining
buffered stdout peek: 0B read, 0B remaining
buffered stdout peek: 0B read, 0B remaining
buffered stdout peek: 0B read, 0B remaining
buffered stdout peek: 0B read, 0B remaining
buffered stdout peek: 0B read, 0B remaining
buffered stdout peek: 0B read, 0B remaining
buffered stdout peek: 0B read, 0B remaining
buffered stdout peek: 0B read, 0B remaining
buffered stdout peek: 0B read, 0B remaining
buffered stdout peek: 0B read, 0B remaining
buffered stdout peek: 0B read, 0B remaining
buffered stdout peek: 0B read, 0B remaining
buffered stdout peek: 0B read, 0B remaining
buffered stdout peek: 0B read, 0B remaining
buffered stdout peek: 0B read, 0B remaining
buffered stdout peek: 0B read, 0B remaining
buffered stdout peek: 0B read, 0B remaining
buffered stdout peek: 0B read, 0B remaining
buffered stdout peek: 0B read, 0B remaining
buffered stdout peek: 0B read, 0B remaining
buffered stdout peek: 0B read, 0B remaining
buffered stdout peek: 0B read, 0B remaining
buffered stdout peek: 0B read, 0B remaining
buffered stdout peek: 0B read, 0B remaining
buffered stdout peek: 0B read, 0B remaining
buffered stdout peek: 0B read, 0B remaining
buffered stdout peek: 0B read, 0B remaining
buffered stdout peek: 0B read, 0B remaining
buffered stdout peek: 0B read, 0B remaining
buffered stdout peek: 0B read, 0B remaining
buffered stdout peek: 0B read, 0B remaining
buffered stdout peek: 0B read, 0B remaining
buffered stdout peek: 0B read, 0B remaining
buffered stdout peek: 0B read, 0B remaining
buffered stdout peek: 0B read, 0B remaining
buffered stdout peek: 0B read, 0B remaining
buffered stdout peek: 0B read, 0B remaining
buffered stdout peek: 0B read, 0B remaining
buffered stdout peek: 0B read, 0B remaining
buffered stdout peek: 0B read, 0B remaining
buffered stdout peek: 0B read, 0B remaining
buffered stdout peek: 0B read, 0B remaining
buffered stdout peek: 0B read, 0B remaining
buffered stdout peek: 0B read, 0B remaining
buffered stdout peek: 0B read, 0B remaining
buffered stdout peek: 0B read, 0B remaining
buffered stdout peek: 0B read, 0B remaining
buffered stdout peek: 0B read, 0B remaining
buffered stdout peek: 0B read, 0B remaining
buffered stdout peek: 0B read, 0B remaining
buffered stdout peek: 0B read, 0B remaining
buffered stdout peek: 0B read, 0B remaining
buffered stdout peek: 0B read, 0B remaining
buffered stdout peek: 0B read, 0B remaining
buffered stdout peek: 0B read, 0B remaining
buffered stdout peek: 0B read, 0B remaining
buffered stdout peek: 0B read, 0B remaining
buffered stdout peek: 0B read, 0B remaining
buffered stdout peek: 0B read, 0B remaining
buffered stdout peek: 0B read, 0B remaining
buffered stdout peek: 0B read, 0B remaining
buffered stdout peek: 0B read, 0B remaining
buffered stdout peek: 0B read, 0B remaining
buffered stdout peek: 0B read, 0B remaining
buffered stdout peek: 0B read, 0B remaining
buffered stdout peek: 0B read, 0B remaining
buffered stdout peek: 0B read, 0B remaining
buffered stdout peek: 0B read, 0B remaining
buffered stdout peek: 0B read, 0B remaining
buffered stdout peek: 0B read, 0B remaining
buffered stdout peek: 0B read, 0B remaining
buffered stdout peek: 0B read, 0B remaining
buffered stdout peek: 0B read, 0B remaining
buffered stdout peek: 0B read, 0B remaining
buffered stdout peek: 0B read, 0B remaining
buffered stdout peek: 0B read, 0B remaining
buffered stdout peek: 0B read, 0B remaining
buffered stdout peek: 0B read, 0B remaining
buffered stdout peek: 0B read, 0B remaining
buffered stdout peek: 0B read, 0B remaining
buffered stdout peek: 0B read, 0B remaining
buffered stdout peek: 0B read, 0B remaining
buffered stdout peek: 0B read, 0B remaining
buffered stdout peek: 0B read, 0B remaining
buffered stdout peek: 0B read, 0B remaining
buffered stdout peek: 0B read, 0B remaining
buffered stdout peek: 0B read, 0B remaining
buffered stdout peek: 0B read, 0B remaining
buffered stdout peek: 0B read, 0B remaining
buffered stdout peek: 0B read, 0B remaining
buffered stdout peek: 0B read, 0B remaining
buffered stdout peek: 0B read, 0B remaining
buffered stdout peek: 0B read, 0B remaining
buffered stdout peek: 0B read, 0B remaining
buffered stdout peek: 0B read, 0B remaining
buffered stdout peek: 0B read, 0B remaining
buffered stdout peek: 0B read, 0B remaining
buffered stdout peek: 0B read, 0B remaining
buffered stdout peek: 0B read, 0B remaining
buffered stdout peek: 0B read, 0B remaining
buffered stdout peek: 0B read, 0B remaining
buffered stdout peek: 0B read, 0B remaining
buffered stdout peek: 0B read, 0B remaining
buffered stdout peek: 0B read, 0B remaining
buffered stdout peek: 0B read, 0B remaining
buffered stdout peek: 0B read, 0B remaining
buffered stdout peek: 0B read, 0B remaining
buffered stdout peek: 0B read, 0B remaining
buffered stdout peek: 0B read, 0B remaining
buffered stdout peek: 0B read, 0B remaining
buffered stdout peek: 0B read, 0B remaining
buffered stdout peek: 0B read, 0B remaining
buffered stdout peek: 0B read, 0B remaining
buffered stdout peek: 0B read, 0B remaining
buffered stdout peek: 0B read, 0B remaining
buffered stdout peek: 0B read, 0B remaining
buffered stdout peek: 0B read, 0B remaining
buffered stdout peek: 0B read, 0B remaining
buffered stdout peek: 0B read, 0B remaining
buffered stdout peek: 0B read, 0B remaining
stdout pipe -> fifo: 138B
buffered stdout peek: 138B read, 0B remaining
buffered stdout peek: 0B read, 0B remaining
buffered stdout peek: 0B read, 0B remaining
buffered stdout peek: 0B read, 0B remaining
buffered stdout peek: 0B read, 0B remaining
buffered stdout peek: 0B read, 0B remaining
buffered stdout peek: 0B read, 0B remaining
buffered stdout peek: 0B read, 0B remaining
buffered stdout peek: 0B read, 0B remaining
buffered stdout peek: 0B read, 0B remaining
buffered stdout peek: 0B read, 0B remaining
buffered stdout peek: 0B read, 0B remaining
buffered stdout peek: 0B read, 0B remaining
buffered stdout peek: 0B read, 0B remaining
buffered stdout peek: 0B read, 0B remaining
buffered stdout peek: 0B read, 0B remaining
buffered stdout peek: 0B read, 0B remaining
buffered stdout peek: 0B read, 0B remaining
buffered stdout peek: 0B read, 0B remaining
buffered stdout peek: 0B read, 0B remaining
buffered stdout peek: 0B read, 0B remaining
buffered stdout peek: 0B read, 0B remaining
buffered stdout peek: 0B read, 0B remaining
buffered stdout peek: 0B read, 0B remaining
buffered stdout peek: 0B read, 0B remaining
buffered stdout peek: 0B read, 0B remaining
buffered stdout peek: 0B read, 0B remaining
buffered stdout peek: 0B read, 0B remaining
buffered stdout peek: 0B read, 0B remaining
buffered stdout peek: 0B read, 0B remaining
buffered stdout peek: 0B read, 0B remaining
buffered stdout peek: 0B read, 0B remaining
buffered stdout peek: 0B read, 0B remaining
buffered stdout peek: 0B read, 0B remaining
buffered stdout peek: 0B read, 0B remaining
buffered stdout peek: 0B read, 0B remaining
buffered stdout peek: 0B read, 0B remaining
buffered stdout peek: 0B read, 0B remaining
buffered stdout peek: 0B read, 0B remaining
buffered stdout peek: 0B read, 0B remaining
buffered stdout peek: 0B read, 0B remaining
buffered stdout peek: 0B read, 0B remaining
buffered stdout peek: 0B read, 0B remaining
buffered stdout peek: 0B read, 0B remaining
buffered stdout peek: 0B read, 0B remaining
buffered stdout peek: 0B read, 0B remaining
buffered stdout peek: 0B read, 0B remaining
buffered stdout peek: 0B read, 0B remaining
buffered stdout peek: 0B read, 0B remaining
buffered stdout peek: 0B read, 0B remaining
stdout pipe -> fifo: 128B
buffered stdout peek: 128B read, 0B remaining
buffered stdout peek: 0B read, 0B remaining
buffered stdout peek: 0B read, 0B remaining
buffered stdout peek: 0B read, 0B remaining
buffered stdout peek: 0B read, 0B remaining
buffered stdout peek: 0B read, 0B remaining
buffered stdout peek: 0B read, 0B remaining
buffered stdout peek: 0B read, 0B remaining
stdout pipe -> fifo: 10B
buffered stdout peek: 10B read, 0B remaining
buffered stdout peek: 0B read, 0B remaining
buffered stdout peek: 0B read, 0B remaining
buffered stdout peek: 0B read, 0B remaining
buffered stdout peek: 0B read, 0B remaining
buffered stdout peek: 0B read, 0B remaining
buffered stdout peek: 0B read, 0B remaining
buffered stdout peek: 0B read, 0B remaining
buffered stdout peek: 0B read, 0B remaining
buffered stdout peek: 0B read, 0B remaining
buffered stdout peek: 0B read, 0B remaining
buffered stdout peek: 0B read, 0B remaining
buffered stdout peek: 0B read, 0B remaining
buffered stdout peek: 0B read, 0B remaining
buffered stdout peek: 0B read, 0B remaining
buffered stdout peek: 0B read, 0B remaining
buffered stdout peek: 0B read, 0B remaining
buffered stdout peek: 0B read, 0B remaining
buffered stdout peek: 0B read, 0B remaining
buffered stdout peek: 0B read, 0B remaining
buffered stdout peek: 0B read, 0B remaining
buffered stdout peek: 0B read, 0B remaining
buffered stdout peek: 0B read, 0B remaining
buffered stdout peek: 0B read, 0B remaining
buffered stdout peek: 0B read, 0B remaining
buffered stdout peek: 0B read, 0B remaining
buffered stdout peek: 0B read, 0B remaining
writting data to stdin
 - writting copy to the console
stdout pipe -> fifo: 4107B
stdout pipe -> fifo: 1441B
buffered stdout peek: 0B read, 5548B remaining
buffered stdout peek: 5548B read, 0B remaining
buffered stdout peek: 0B read, 0B remaining
buffered stdout peek: 0B read, 0B remaining
buffered stdout peek: 0B read, 0B remaining
buffered stdout peek: 0B read, 0B remaining
buffered stdout peek: 0B read, 0B remaining
buffered stdout peek: 0B read, 0B remaining
buffered stdout peek: 0B read, 0B remaining
buffered stdout peek: 0B read, 0B remaining
buffered stdout peek: 0B read, 0B remaining
buffered stdout peek: 0B read, 0B remaining
buffered stdout peek: 0B read, 0B remaining
buffered stdout peek: 0B read, 0B remaining
buffered stdout peek: 0B read, 0B remaining
buffered stdout peek: 0B read, 0B remaining
buffered stdout peek: 0B read, 0B remaining
buffered stdout peek: 0B read, 0B remaining
buffered stdout peek: 0B read, 0B remaining
buffered stdout peek: 0B read, 0B remaining
buffered stdout peek: 0B read, 0B remaining
buffered stdout peek: 0B read, 0B remaining
buffered stdout peek: 0B read, 0B remaining
buffered stdout peek: 0B read, 0B remaining
buffered stdout peek: 0B read, 0B remaining
buffered stdout peek: 0B read, 0B remaining
buffered stdout peek: 0B read, 0B remaining
buffered stdout peek: 0B read, 0B remaining
buffered stdout peek: 0B read, 0B remaining
buffered stdout peek: 0B read, 0B remaining
buffered stdout peek: 0B read, 0B remaining
buffered stdout peek: 0B read, 0B remaining
buffered stdout peek: 0B read, 0B remaining
buffered stdout peek: 0B read, 0B remaining
buffered stdout peek: 0B read, 0B remaining
buffered stdout peek: 0B read, 0B remaining
buffered stdout peek: 0B read, 0B remaining
buffered stdout peek: 0B read, 0B remaining
buffered stdout peek: 0B read, 0B remaining
buffered stdout peek: 0B read, 0B remaining
buffered stdout peek: 0B read, 0B remaining
buffered stdout peek: 0B read, 0B remaining
buffered stdout peek: 0B read, 0B remaining
buffered stdout peek: 0B read, 0B remaining
buffered stdout peek: 0B read, 0B remaining
buffered stdout peek: 0B read, 0B remaining
buffered stdout peek: 0B read, 0B remaining
buffered stdout peek: 0B read, 0B remaining
buffered stdout peek: 0B read, 0B remaining
buffered stdout peek: 0B read, 0B remaining
buffered stdout peek: 0B read, 0B remaining
buffered stdout peek: 0B read, 0B remaining
buffered stdout peek: 0B read, 0B remaining
buffered stdout peek: 0B read, 0B remaining
buffered stdout peek: 0B read, 0B remaining
buffered stdout peek: 0B read, 0B remaining
buffered stdout peek: 0B read, 0B remaining
buffered stdout peek: 0B read, 0B remaining
buffered stdout peek: 0B read, 0B remaining
buffered stdout peek: 0B read, 0B remaining
buffered stdout peek: 0B read, 0B remaining
buffered stdout peek: 0B read, 0B remaining
buffered stdout peek: 0B read, 0B remaining
buffered stdout peek: 0B read, 0B remaining
buffered stdout peek: 0B read, 0B remaining
buffered stdout peek: 0B read, 0B remaining
buffered stdout peek: 0B read, 0B remaining
buffered stdout peek: 0B read, 0B remaining
buffered stdout peek: 0B read, 0B remaining
buffered stdout peek: 0B read, 0B remaining
buffered stdout peek: 0B read, 0B remaining
buffered stdout peek: 0B read, 0B remaining
buffered stdout peek: 0B read, 0B remaining
buffered stdout peek: 0B read, 0B remaining
buffered stdout peek: 0B read, 0B remaining
buffered stdout peek: 0B read, 0B remaining
buffered stdout peek: 0B read, 0B remaining
buffered stdout peek: 0B read, 0B remaining
buffered stdout peek: 0B read, 0B remaining
buffered stdout peek: 0B read, 0B remaining
buffered stdout peek: 0B read, 0B remaining
buffered stdout peek: 0B read, 0B remaining
buffered stdout peek: 0B read, 0B remaining
buffered stdout peek: 0B read, 0B remaining
buffered stdout peek: 0B read, 0B remaining
buffered stdout peek: 0B read, 0B remaining
buffered stdout peek: 0B read, 0B remaining
buffered stdout peek: 0B read, 0B remaining
buffered stdout peek: 0B read, 0B remaining
buffered stdout peek: 0B read, 0B remaining
buffered stdout peek: 0B read, 0B remaining
buffered stdout peek: 0B read, 0B remaining
buffered stdout peek: 0B read, 0B remaining
buffered stdout peek: 0B read, 0B remaining
buffered stdout peek: 0B read, 0B remaining
buffered stdout peek: 0B read, 0B remaining
buffered stdout peek: 0B read, 0B remaining
writting data to stdin
 - writting copy to the console
buffered stdout peek: 0B read, 0B remaining
buffered stdout peek: 0B read, 0B remaining
buffered stdout peek: 0B read, 0B remaining
buffered stdout peek: 0B read, 0B remaining
buffered stdout peek: 0B read, 0B remaining
buffered stdout peek: 0B read, 0B remaining
stdout pipe -> fifo: 543B
stdout pipe -> fifo: 2800B
stdout pipe -> fifo: 2706B
buffered stdout peek: 0B read, 6049B remaining
buffered stdout peek: 6049B read, 0B remaining
buffered stdout peek: 0B read, 0B remaining
buffered stdout peek: 0B read, 0B remaining
buffered stdout peek: 0B read, 0B remaining
buffered stdout peek: 0B read, 0B remaining
buffered stdout peek: 0B read, 0B remaining
buffered stdout peek: 0B read, 0B remaining
buffered stdout peek: 0B read, 0B remaining
buffered stdout peek: 0B read, 0B remaining
buffered stdout peek: 0B read, 0B remaining
buffered stdout peek: 0B read, 0B remaining
buffered stdout peek: 0B read, 0B remaining
buffered stdout peek: 0B read, 0B remaining
buffered stdout peek: 0B read, 0B remaining
buffered stdout peek: 0B read, 0B remaining
buffered stdout peek: 0B read, 0B remaining
buffered stdout peek: 0B read, 0B remaining
buffered stdout peek: 0B read, 0B remaining
buffered stdout peek: 0B read, 0B remaining
buffered stdout peek: 0B read, 0B remaining
buffered stdout peek: 0B read, 0B remaining
buffered stdout peek: 0B read, 0B remaining
buffered stdout peek: 0B read, 0B remaining
buffered stdout peek: 0B read, 0B remaining
buffered stdout peek: 0B read, 0B remaining
buffered stdout peek: 0B read, 0B remaining
buffered stdout peek: 0B read, 0B remaining
buffered stdout peek: 0B read, 0B remaining
buffered stdout peek: 0B read, 0B remaining
buffered stdout peek: 0B read, 0B remaining
buffered stdout peek: 0B read, 0B remaining
buffered stdout peek: 0B read, 0B remaining
buffered stdout peek: 0B read, 0B remaining
buffered stdout peek: 0B read, 0B remaining
buffered stdout peek: 0B read, 0B remaining
buffered stdout peek: 0B read, 0B remaining
buffered stdout peek: 0B read, 0B remaining
buffered stdout peek: 0B read, 0B remaining
buffered stdout peek: 0B read, 0B remaining
buffered stdout peek: 0B read, 0B remaining
buffered stdout peek: 0B read, 0B remaining
buffered stdout peek: 0B read, 0B remaining
buffered stdout peek: 0B read, 0B remaining
buffered stdout peek: 0B read, 0B remaining
buffered stdout peek: 0B read, 0B remaining
buffered stdout peek: 0B read, 0B remaining
buffered stdout peek: 0B read, 0B remaining
buffered stdout peek: 0B read, 0B remaining
buffered stdout peek: 0B read, 0B remaining
buffered stdout peek: 0B read, 0B remaining
buffered stdout peek: 0B read, 0B remaining
buffered stdout peek: 0B read, 0B remaining
buffered stdout peek: 0B read, 0B remaining
buffered stdout peek: 0B read, 0B remaining
buffered stdout peek: 0B read, 0B remaining
buffered stdout peek: 0B read, 0B remaining
buffered stdout peek: 0B read, 0B remaining
buffered stdout peek: 0B read, 0B remaining
buffered stdout peek: 0B read, 0B remaining
buffered stdout peek: 0B read, 0B remaining
buffered stdout peek: 0B read, 0B remaining
buffered stdout peek: 0B read, 0B remaining
buffered stdout peek: 0B read, 0B remaining
buffered stdout peek: 0B read, 0B remaining
buffered stdout peek: 0B read, 0B remaining
buffered stdout peek: 0B read, 0B remaining
buffered stdout peek: 0B read, 0B remaining
buffered stdout peek: 0B read, 0B remaining
buffered stdout peek: 0B read, 0B remaining
buffered stdout peek: 0B read, 0B remaining
buffered stdout peek: 0B read, 0B remaining
buffered stdout peek: 0B read, 0B remaining
buffered stdout peek: 0B read, 0B remaining
buffered stdout peek: 0B read, 0B remaining
buffered stdout peek: 0B read, 0B remaining
buffered stdout peek: 0B read, 0B remaining
buffered stdout peek: 0B read, 0B remaining
buffered stdout peek: 0B read, 0B remaining
buffered stdout peek: 0B read, 0B remaining
buffered stdout peek: 0B read, 0B remaining
buffered stdout peek: 0B read, 0B remaining
buffered stdout peek: 0B read, 0B remaining
buffered stdout peek: 0B read, 0B remaining
buffered stdout peek: 0B read, 0B remaining
buffered stdout peek: 0B read, 0B remaining
buffered stdout peek: 0B read, 0B remaining
buffered stdout peek: 0B read, 0B remaining
buffered stdout peek: 0B read, 0B remaining
buffered stdout peek: 0B read, 0B remaining
buffered stdout peek: 0B read, 0B remaining
writting data to stdin
 - writting copy to the console
buffered stdout peek: 0B read, 0B remaining
buffered stdout peek: 0B read, 0B remaining
buffered stdout peek: 0B read, 0B remaining
buffered stdout peek: 0B read, 0B remaining
buffered stdout peek: 0B read, 0B remaining
buffered stdout peek: 0B read, 0B remaining
buffered stdout peek: 0B read, 0B remaining
stdout pipe -> fifo: 99B
stdout pipe -> fifo: 4097B
stdout pipe -> fifo: 627B
buffered stdout peek: 99B read, 4724B remaining
buffered stdout peek: 4724B read, 0B remaining
buffered stdout peek: 0B read, 0B remaining
buffered stdout peek: 0B read, 0B remaining
buffered stdout peek: 0B read, 0B remaining
buffered stdout peek: 0B read, 0B remaining
buffered stdout peek: 0B read, 0B remaining
buffered stdout peek: 0B read, 0B remaining
buffered stdout peek: 0B read, 0B remaining
buffered stdout peek: 0B read, 0B remaining
buffered stdout peek: 0B read, 0B remaining
buffered stdout peek: 0B read, 0B remaining
buffered stdout peek: 0B read, 0B remaining
buffered stdout peek: 0B read, 0B remaining
buffered stdout peek: 0B read, 0B remaining
buffered stdout peek: 0B read, 0B remaining
buffered stdout peek: 0B read, 0B remaining
buffered stdout peek: 0B read, 0B remaining
buffered stdout peek: 0B read, 0B remaining
buffered stdout peek: 0B read, 0B remaining
buffered stdout peek: 0B read, 0B remaining
buffered stdout peek: 0B read, 0B remaining
buffered stdout peek: 0B read, 0B remaining
buffered stdout peek: 0B read, 0B remaining
buffered stdout peek: 0B read, 0B remaining
buffered stdout peek: 0B read, 0B remaining
buffered stdout peek: 0B read, 0B remaining
buffered stdout peek: 0B read, 0B remaining
buffered stdout peek: 0B read, 0B remaining
buffered stdout peek: 0B read, 0B remaining
buffered stdout peek: 0B read, 0B remaining
buffered stdout peek: 0B read, 0B remaining
buffered stdout peek: 0B read, 0B remaining
buffered stdout peek: 0B read, 0B remaining
buffered stdout peek: 0B read, 0B remaining
buffered stdout peek: 0B read, 0B remaining
buffered stdout peek: 0B read, 0B remaining
buffered stdout peek: 0B read, 0B remaining
buffered stdout peek: 0B read, 0B remaining
buffered stdout peek: 0B read, 0B remaining
buffered stdout peek: 0B read, 0B remaining
buffered stdout peek: 0B read, 0B remaining
buffered stdout peek: 0B read, 0B remaining
buffered stdout peek: 0B read, 0B remaining
buffered stdout peek: 0B read, 0B remaining
buffered stdout peek: 0B read, 0B remaining
buffered stdout peek: 0B read, 0B remaining
buffered stdout peek: 0B read, 0B remaining
buffered stdout peek: 0B read, 0B remaining
buffered stdout peek: 0B read, 0B remaining
buffered stdout peek: 0B read, 0B remaining
buffered stdout peek: 0B read, 0B remaining
buffered stdout peek: 0B read, 0B remaining
buffered stdout peek: 0B read, 0B remaining
buffered stdout peek: 0B read, 0B remaining
buffered stdout peek: 0B read, 0B remaining
buffered stdout peek: 0B read, 0B remaining
buffered stdout peek: 0B read, 0B remaining
buffered stdout peek: 0B read, 0B remaining
buffered stdout peek: 0B read, 0B remaining
buffered stdout peek: 0B read, 0B remaining
buffered stdout peek: 0B read, 0B remaining
buffered stdout peek: 0B read, 0B remaining
buffered stdout peek: 0B read, 0B remaining
buffered stdout peek: 0B read, 0B remaining
buffered stdout peek: 0B read, 0B remaining
buffered stdout peek: 0B read, 0B remaining
buffered stdout peek: 0B read, 0B remaining
buffered stdout peek: 0B read, 0B remaining
buffered stdout peek: 0B read, 0B remaining
buffered stdout peek: 0B read, 0B remaining
buffered stdout peek: 0B read, 0B remaining
buffered stdout peek: 0B read, 0B remaining
buffered stdout peek: 0B read, 0B remaining
buffered stdout peek: 0B read, 0B remaining
buffered stdout peek: 0B read, 0B remaining
buffered stdout peek: 0B read, 0B remaining
buffered stdout peek: 0B read, 0B remaining
buffered stdout peek: 0B read, 0B remaining
buffered stdout peek: 0B read, 0B remaining
buffered stdout peek: 0B read, 0B remaining
buffered stdout peek: 0B read, 0B remaining
buffered stdout peek: 0B read, 0B remaining
buffered stdout peek: 0B read, 0B remaining
buffered stdout peek: 0B read, 0B remaining
buffered stdout peek: 0B read, 0B remaining
buffered stdout peek: 0B read, 0B remaining
buffered stdout peek: 0B read, 0B remaining
buffered stdout peek: 0B read, 0B remaining
buffered stdout peek: 0B read, 0B remaining
buffered stdout peek: 0B read, 0B remaining
buffered stdout peek: 0B read, 0B remaining
buffered stdout peek: 0B read, 0B remaining
buffered stdout peek: 0B read, 0B remaining
buffered stdout peek: 0B read, 0B remaining
buffered stdout peek: 0B read, 0B remaining
buffered stdout peek: 0B read, 0B remaining
buffered stdout peek: 0B read, 0B remaining
buffered stdout peek: 0B read, 0B remaining
buffered stdout peek: 0B read, 0B remaining
buffered stdout peek: 0B read, 0B remaining
buffered stdout peek: 0B read, 0B remaining
buffered stdout peek: 0B read, 0B remaining
buffered stdout peek: 0B read, 0B remaining
buffered stdout peek: 0B read, 0B remaining
buffered stdout peek: 0B read, 0B remaining
buffered stdout peek: 0B read, 0B remaining
buffered stdout peek: 0B read, 0B remaining
buffered stdout peek: 0B read, 0B remaining
buffered stdout peek: 0B read, 0B remaining
buffered stdout peek: 0B read, 0B remaining
buffered stdout peek: 0B read, 0B remaining
buffered stdout peek: 0B read, 0B remaining
buffered stdout peek: 0B read, 0B remaining
buffered stdout peek: 0B read, 0B remaining
buffered stdout peek: 0B read, 0B remaining
buffered stdout peek: 0B read, 0B remaining
buffered stdout peek: 0B read, 0B remaining
buffered stdout peek: 0B read, 0B remaining
buffered stdout peek: 0B read, 0B remaining
buffered stdout peek: 0B read, 0B remaining
buffered stdout peek: 0B read, 0B remaining
buffered stdout peek: 0B read, 0B remaining
buffered stdout peek: 0B read, 0B remaining
buffered stdout peek: 0B read, 0B remaining
buffered stdout peek: 0B read, 0B remaining
buffered stdout peek: 0B read, 0B remaining
buffered stdout peek: 0B read, 0B remaining
buffered stdout peek: 0B read, 0B remaining
buffered stdout peek: 0B read, 0B remaining
buffered stdout peek: 0B read, 0B remaining
buffered stdout peek: 0B read, 0B remaining
buffered stdout peek: 0B read, 0B remaining
buffered stdout peek: 0B read, 0B remaining
buffered stdout peek: 0B read, 0B remaining
buffered stdout peek: 0B read, 0B remaining
buffered stdout peek: 0B read, 0B remaining
buffered stdout peek: 0B read, 0B remaining
buffered stdout peek: 0B read, 0B remaining
buffered stdout peek: 0B read, 0B remaining
buffered stdout peek: 0B read, 0B remaining
buffered stdout peek: 0B read, 0B remaining
buffered stdout peek: 0B read, 0B remaining
buffered stdout peek: 0B read, 0B remaining
buffered stdout peek: 0B read, 0B remaining
buffered stdout peek: 0B read, 0B remaining
buffered stdout peek: 0B read, 0B remaining
buffered stdout peek: 0B read, 0B remaining
buffered stdout peek: 0B read, 0B remaining
buffered stdout peek: 0B read, 0B remaining
buffered stdout peek: 0B read, 0B remaining
buffered stdout peek: 0B read, 0B remaining
buffered stdout peek: 0B read, 0B remaining
buffered stdout peek: 0B read, 0B remaining
buffered stdout peek: 0B read, 0B remaining
buffered stdout peek: 0B read, 0B remaining
buffered stdout peek: 0B read, 0B remaining
buffered stdout peek: 0B read, 0B remaining
buffered stdout peek: 0B read, 0B remaining
buffered stdout peek: 0B read, 0B remaining
buffered stdout peek: 0B read, 0B remaining
buffered stdout peek: 0B read, 0B remaining
buffered stdout peek: 0B read, 0B remaining
buffered stdout peek: 0B read, 0B remaining
buffered stdout peek: 0B read, 0B remaining
buffered stdout peek: 0B read, 0B remaining
buffered stdout peek: 0B read, 0B remaining
buffered stdout peek: 0B read, 0B remaining
buffered stdout peek: 0B read, 0B remaining
buffered stdout peek: 0B read, 0B remaining
buffered stdout peek: 0B read, 0B remaining
buffered stdout peek: 0B read, 0B remaining
buffered stdout peek: 0B read, 0B remaining
buffered stdout peek: 0B read, 0B remaining
buffered stdout peek: 0B read, 0B remaining
buffered stdout peek: 0B read, 0B remaining
buffered stdout peek: 0B read, 0B remaining
buffered stdout peek: 0B read, 0B remaining
buffered stdout peek: 0B read, 0B remaining
buffered stdout peek: 0B read, 0B remaining
buffered stdout peek: 0B read, 0B remaining
buffered stdout peek: 0B read, 0B remaining
buffered stdout peek: 0B read, 0B remaining
buffered stdout peek: 0B read, 0B remaining
buffered stdout peek: 0B read, 0B remaining
buffered stdout peek: 0B read, 0B remaining
buffered stdout peek: 0B read, 0B remaining
buffered stdout peek: 0B read, 0B remaining
buffered stdout peek: 0B read, 0B remaining
buffered stdout peek: 0B read, 0B remaining
buffered stdout peek: 0B read, 0B remaining
buffered stdout peek: 0B read, 0B remaining
buffered stdout peek: 0B read, 0B remaining
buffered stdout peek: 0B read, 0B remaining
buffered stdout peek: 0B read, 0B remaining
buffered stdout peek: 0B read, 0B remaining
buffered stdout peek: 0B read, 0B remaining
buffered stdout peek: 0B read, 0B remaining
buffered stdout peek: 0B read, 0B remaining
buffered stdout peek: 0B read, 0B remaining
buffered stdout peek: 0B read, 0B remaining
buffered stdout peek: 0B read, 0B remaining
buffered stdout peek: 0B read, 0B remaining
buffered stdout peek: 0B read, 0B remaining
buffered stdout peek: 0B read, 0B remaining
buffered stdout peek: 0B read, 0B remaining
buffered stdout peek: 0B read, 0B remaining
buffered stdout peek: 0B read, 0B remaining
buffered stdout peek: 0B read, 0B remaining
buffered stdout peek: 0B read, 0B remaining
buffered stdout peek: 0B read, 0B remaining
buffered stdout peek: 0B read, 0B remaining
buffered stdout peek: 0B read, 0B remaining
buffered stdout peek: 0B read, 0B remaining
buffered stdout peek: 0B read, 0B remaining
buffered stdout peek: 0B read, 0B remaining
buffered stdout peek: 0B read, 0B remaining
buffered stdout peek: 0B read, 0B remaining
buffered stdout peek: 0B read, 0B remaining
buffered stdout peek: 0B read, 0B remaining
buffered stdout peek: 0B read, 0B remaining
buffered stdout peek: 0B read, 0B remaining
buffered stdout peek: 0B read, 0B remaining
buffered stdout peek: 0B read, 0B remaining
buffered stdout peek: 0B read, 0B remaining
buffered stdout peek: 0B read, 0B remaining
buffered stdout peek: 0B read, 0B remaining
buffered stdout peek: 0B read, 0B remaining
buffered stdout peek: 0B read, 0B remaining
buffered stdout peek: 0B read, 0B remaining
buffered stdout peek: 0B read, 0B remaining
buffered stdout peek: 0B read, 0B remaining
buffered stdout peek: 0B read, 0B remaining
buffered stdout peek: 0B read, 0B remaining
buffered stdout peek: 0B read, 0B remaining
buffered stdout peek: 0B read, 0B remaining
buffered stdout peek: 0B read, 0B remaining
buffered stdout peek: 0B read, 0B remaining
buffered stdout peek: 0B read, 0B remaining
buffered stdout peek: 0B read, 0B remaining
buffered stdout peek: 0B read, 0B remaining
buffered stdout peek: 0B read, 0B remaining
buffered stdout peek: 0B read, 0B remaining
buffered stdout peek: 0B read, 0B remaining
buffered stdout peek: 0B read, 0B remaining
buffered stdout peek: 0B read, 0B remaining
buffered stdout peek: 0B read, 0B remaining
buffered stdout peek: 0B read, 0B remaining
buffered stdout peek: 0B read, 0B remaining
buffered stdout peek: 0B read, 0B remaining
buffered stdout peek: 0B read, 0B remaining
buffered stdout peek: 0B read, 0B remaining
buffered stdout peek: 0B read, 0B remaining
buffered stdout peek: 0B read, 0B remaining
buffered stdout peek: 0B read, 0B remaining
buffered stdout peek: 0B read, 0B remaining
buffered stdout peek: 0B read, 0B remaining
buffered stdout peek: 0B read, 0B remaining
buffered stdout peek: 0B read, 0B remaining
buffered stdout peek: 0B read, 0B remaining
buffered stdout peek: 0B read, 0B remaining
buffered stdout peek: 0B read, 0B remaining
buffered stdout peek: 0B read, 0B remaining
buffered stdout peek: 0B read, 0B remaining
buffered stdout peek: 0B read, 0B remaining
buffered stdout peek: 0B read, 0B remaining
buffered stdout peek: 0B read, 0B remaining
buffered stdout peek: 0B read, 0B remaining
buffered stdout peek: 0B read, 0B remaining
buffered stdout peek: 0B read, 0B remaining
buffered stdout peek: 0B read, 0B remaining
buffered stdout peek: 0B read, 0B remaining
buffered stdout peek: 0B read, 0B remaining
buffered stdout peek: 0B read, 0B remaining
buffered stdout peek: 0B read, 0B remaining
buffered stdout peek: 0B read, 0B remaining
buffered stdout peek: 0B read, 0B remaining
buffered stdout peek: 0B read, 0B remaining
buffered stdout peek: 0B read, 0B remaining
buffered stdout peek: 0B read, 0B remaining
buffered stdout peek: 0B read, 0B remaining
buffered stdout peek: 0B read, 0B remaining
buffered stdout peek: 0B read, 0B remaining
buffered stdout peek: 0B read, 0B remaining
buffered stdout peek: 0B read, 0B remaining
buffered stdout peek: 0B read, 0B remaining
buffered stdout peek: 0B read, 0B remaining
buffered stdout peek: 0B read, 0B remaining
buffered stdout peek: 0B read, 0B remaining
buffered stdout peek: 0B read, 0B remaining
buffered stdout peek: 0B read, 0B remaining
buffered stdout peek: 0B read, 0B remaining
buffered stdout peek: 0B read, 0B remaining
buffered stdout peek: 0B read, 0B remaining
buffered stdout peek: 0B read, 0B remaining
buffered stdout peek: 0B read, 0B remaining
buffered stdout peek: 0B read, 0B remaining
buffered stdout peek: 0B read, 0B remaining
buffered stdout peek: 0B read, 0B remaining
buffered stdout peek: 0B read, 0B remaining
buffered stdout peek: 0B read, 0B remaining
buffered stdout peek: 0B read, 0B remaining
buffered stdout peek: 0B read, 0B remaining
buffered stdout peek: 0B read, 0B remaining
buffered stdout peek: 0B read, 0B remaining
buffered stdout peek: 0B read, 0B remaining
buffered stdout peek: 0B read, 0B remaining
buffered stdout peek: 0B read, 0B remaining
buffered stdout peek: 0B read, 0B remaining
buffered stdout peek: 0B read, 0B remaining
buffered stdout peek: 0B read, 0B remaining
buffered stdout peek: 0B read, 0B remaining
buffered stdout peek: 0B read, 0B remaining
buffered stdout peek: 0B read, 0B remaining
buffered stdout peek: 0B read, 0B remaining
buffered stdout peek: 0B read, 0B remaining
buffered stdout peek: 0B read, 0B remaining
buffered stdout peek: 0B read, 0B remaining
buffered stdout peek: 0B read, 0B remaining
buffered stdout peek: 0B read, 0B remaining
buffered stdout peek: 0B read, 0B remaining
buffered stdout peek: 0B read, 0B remaining
buffered stdout peek: 0B read, 0B remaining
buffered stdout peek: 0B read, 0B remaining
buffered stdout peek: 0B read, 0B remaining
buffered stdout peek: 0B read, 0B remaining
buffered stdout peek: 0B read, 0B remaining
buffered stdout peek: 0B read, 0B remaining
buffered stdout peek: 0B read, 0B remaining
buffered stdout peek: 0B read, 0B remaining
buffered stdout peek: 0B read, 0B remaining
buffered stdout peek: 0B read, 0B remaining
buffered stdout peek: 0B read, 0B remaining
buffered stdout peek: 0B read, 0B remaining
buffered stdout peek: 0B read, 0B remaining
buffered stdout peek: 0B read, 0B remaining
buffered stdout peek: 0B read, 0B remaining
buffered stdout peek: 0B read, 0B remaining
buffered stdout peek: 0B read, 0B remaining
buffered stdout peek: 0B read, 0B remaining
buffered stdout peek: 0B read, 0B remaining
buffered stdout peek: 0B read, 0B remaining
buffered stdout peek: 0B read, 0B remaining
buffered stdout peek: 0B read, 0B remaining
buffered stdout peek: 0B read, 0B remaining
writting data to stdin
 - writting copy to the console
stdout pipe -> fifo: 1338B
stdout pipe -> fifo: 1730B
buffered stdout peek: 0B read, 3068B remaining
buffered stdout peek: 3068B read, 0B remaining
buffered stdout peek: 0B read, 0B remaining
buffered stdout peek: 0B read, 0B remaining
buffered stdout peek: 0B read, 0B remaining
buffered stdout peek: 0B read, 0B remaining
buffered stdout peek: 0B read, 0B remaining
buffered stdout peek: 0B read, 0B remaining
buffered stdout peek: 0B read, 0B remaining
buffered stdout peek: 0B read, 0B remaining
buffered stdout peek: 0B read, 0B remaining
buffered stdout peek: 0B read, 0B remaining
buffered stdout peek: 0B read, 0B remaining
buffered stdout peek: 0B read, 0B remaining
buffered stdout peek: 0B read, 0B remaining
buffered stdout peek: 0B read, 0B remaining
buffered stdout peek: 0B read, 0B remaining
buffered stdout peek: 0B read, 0B remaining
buffered stdout peek: 0B read, 0B remaining
buffered stdout peek: 0B read, 0B remaining
buffered stdout peek: 0B read, 0B remaining
buffered stdout peek: 0B read, 0B remaining
buffered stdout peek: 0B read, 0B remaining
buffered stdout peek: 0B read, 0B remaining
buffered stdout peek: 0B read, 0B remaining
buffered stdout peek: 0B read, 0B remaining
buffered stdout peek: 0B read, 0B remaining
buffered stdout peek: 0B read, 0B remaining
buffered stdout peek: 0B read, 0B remaining
buffered stdout peek: 0B read, 0B remaining
buffered stdout peek: 0B read, 0B remaining
buffered stdout peek: 0B read, 0B remaining
buffered stdout peek: 0B read, 0B remaining
buffered stdout peek: 0B read, 0B remaining
buffered stdout peek: 0B read, 0B remaining
buffered stdout peek: 0B read, 0B remaining
buffered stdout peek: 0B read, 0B remaining
buffered stdout peek: 0B read, 0B remaining
buffered stdout peek: 0B read, 0B remaining
buffered stdout peek: 0B read, 0B remaining
buffered stdout peek: 0B read, 0B remaining
buffered stdout peek: 0B read, 0B remaining
buffered stdout peek: 0B read, 0B remaining
buffered stdout peek: 0B read, 0B remaining
buffered stdout peek: 0B read, 0B remaining
buffered stdout peek: 0B read, 0B remaining
buffered stdout peek: 0B read, 0B remaining
buffered stdout peek: 0B read, 0B remaining
buffered stdout peek: 0B read, 0B remaining
buffered stdout peek: 0B read, 0B remaining
buffered stdout peek: 0B read, 0B remaining
buffered stdout peek: 0B read, 0B remaining
buffered stdout peek: 0B read, 0B remaining
buffered stdout peek: 0B read, 0B remaining
buffered stdout peek: 0B read, 0B remaining
buffered stdout peek: 0B read, 0B remaining
writting data to stdin
 - writting copy to the console
stdout pipe -> fifo: 3068B
buffered stdout peek: 0B read, 3068B remaining
buffered stdout peek: 3068B read, 0B remaining
buffered stdout peek: 0B read, 0B remaining
buffered stdout peek: 0B read, 0B remaining
buffered stdout peek: 0B read, 0B remaining
buffered stdout peek: 0B read, 0B remaining
buffered stdout peek: 0B read, 0B remaining
buffered stdout peek: 0B read, 0B remaining
buffered stdout peek: 0B read, 0B remaining
buffered stdout peek: 0B read, 0B remaining
buffered stdout peek: 0B read, 0B remaining
buffered stdout peek: 0B read, 0B remaining
buffered stdout peek: 0B read, 0B remaining
buffered stdout peek: 0B read, 0B remaining
buffered stdout peek: 0B read, 0B remaining
buffered stdout peek: 0B read, 0B remaining
buffered stdout peek: 0B read, 0B remaining
buffered stdout peek: 0B read, 0B remaining
buffered stdout peek: 0B read, 0B remaining
buffered stdout peek: 0B read, 0B remaining
buffered stdout peek: 0B read, 0B remaining
writting data to stdin
 - writting copy to the console
stdout pipe -> fifo: 375B
stdout pipe -> fifo: 2693B
buffered stdout peek: 0B read, 3068B remaining
buffered stdout peek: 3068B read, 0B remaining
buffered stdout peek: 0B read, 0B remaining
buffered stdout peek: 0B read, 0B remaining
buffered stdout peek: 0B read, 0B remaining
buffered stdout peek: 0B read, 0B remaining
buffered stdout peek: 0B read, 0B remaining
buffered stdout peek: 0B read, 0B remaining
writting data to stdin
 - writting copy to the console
stdout pipe -> fifo: 3068B
buffered stdout peek: 0B read, 3068B remaining
buffered stdout peek: 3068B read, 0B remaining
buffered stdout peek: 0B read, 0B remaining
buffered stdout peek: 0B read, 0B remaining
buffered stdout peek: 0B read, 0B remaining
buffered stdout peek: 0B read, 0B remaining
buffered stdout peek: 0B read, 0B remaining
buffered stdout peek: 0B read, 0B remaining
buffered stdout peek: 0B read, 0B remaining
writting data to stdin
 - writting copy to the console
stdout pipe -> fifo: 985B
stdout pipe -> fifo: 2083B
buffered stdout peek: 0B read, 3068B remaining
buffered stdout peek: 3068B read, 0B remaining
buffered stdout peek: 0B read, 0B remaining
buffered stdout peek: 0B read, 0B remaining
buffered stdout peek: 0B read, 0B remaining
buffered stdout peek: 0B read, 0B remaining
buffered stdout peek: 0B read, 0B remaining
buffered stdout peek: 0B read, 0B remaining
buffered stdout peek: 0B read, 0B remaining
buffered stdout peek: 0B read, 0B remaining
buffered stdout peek: 0B read, 0B remaining
writting data to stdin
 - writting copy to the console
stdout pipe -> fifo: 3069B
buffered stdout peek: 0B read, 3069B remaining
buffered stdout peek: 3069B read, 0B remaining
buffered stdout peek: 0B read, 0B remaining
writting data to stdin
 - writting copy to the console
buffered stdout peek: 0B read, 0B remaining
stdout pipe -> fifo: 3069B
buffered stdout peek: 0B read, 3069B remaining
buffered stdout peek: 3069B read, 0B remaining
buffered stdout peek: 0B read, 0B remaining
buffered stdout peek: 0B read, 0B remaining
buffered stdout peek: 0B read, 0B remaining
buffered stdout peek: 0B read, 0B remaining
buffered stdout peek: 0B read, 0B remaining
buffered stdout peek: 0B read, 0B remaining
buffered stdout peek: 0B read, 0B remaining
buffered stdout peek: 0B read, 0B remaining
buffered stdout peek: 0B read, 0B remaining
buffered stdout peek: 0B read, 0B remaining
buffered stdout peek: 0B read, 0B remaining
buffered stdout peek: 0B read, 0B remaining
buffered stdout peek: 0B read, 0B remaining
buffered stdout peek: 0B read, 0B remaining
buffered stdout peek: 0B read, 0B remaining
buffered stdout peek: 0B read, 0B remaining
buffered stdout peek: 0B read, 0B remaining
buffered stdout peek: 0B read, 0B remaining
buffered stdout peek: 0B read, 0B remaining
buffered stdout peek: 0B read, 0B remaining
buffered stdout peek: 0B read, 0B remaining
buffered stdout peek: 0B read, 0B remaining
buffered stdout peek: 0B read, 0B remaining
buffered stdout peek: 0B read, 0B remaining
buffered stdout peek: 0B read, 0B remaining
buffered stdout peek: 0B read, 0B remaining
buffered stdout peek: 0B read, 0B remaining
buffered stdout peek: 0B read, 0B remaining
buffered stdout peek: 0B read, 0B remaining
buffered stdout peek: 0B read, 0B remaining
buffered stdout peek: 0B read, 0B remaining
buffered stdout peek: 0B read, 0B remaining
writting data to stdin
 - writting copy to the console
buffered stdout peek: 0B read, 0B remaining
buffered stdout peek: 0B read, 0B remaining
buffered stdout peek: 0B read, 0B remaining
stdout pipe -> fifo: 1B
buffered stdout peek: 1B read, 0B remaining
buffered stdout peek: 0B read, 0B remaining
buffered stdout peek: 0B read, 0B remaining
buffered stdout peek: 0B read, 0B remaining
writting data to stdin
 - writting copy to the console
waiting for process to return:
 - done with exit code 0
closing handles:
 - thread and process handles closed
 - pipes handles closed
closing stdout readout thread:
 - stdout readout thread closed
freeing console
dealocating stdout fifo
